<?xml version="1.0" encoding="UTF-8"?>
<!-- Generated by org.testng.reporters.JUnitXMLReporter -->
<testsuite ignored="0" hostname="bngabtsrvuat" failures="0" tests="4" name="FdaAutomation" time="61.495" errors="0" timestamp="2022-06-01T19:13:47 IST">
  <testcase classname="testSuit.navigateToHomePage2" name="RunTest" time="55.292"/>
  <testcase classname="utils.test" name="testData" time="0.05"/>
  <testcase classname="Assert.PropertiesFile" name="getproperties" time="0.004"/>
  <testcase classname="utils.ExcleUtils" name="getCellNumber" time="0.084"/>
</testsuite> <!-- FdaAutomation -->
